<?xml version="1.0" encoding="UTF-8"?>
<TestRun id="8ee45fcb-873e-43db-be49-62730da5e0bc" name="felixlindemann@FELIXLINDEM239D 2015-02-27 16:27:36" runUser="FELIXLINDEM239D\felixlindemann" xmlns="http://microsoft.com/schemas/VisualStudio/TeamTest/2010">
  <TestSettings name="Lokal" id="c55aef44-e59c-4ee6-aee7-2ad998123b15">
    <Description>Dies sind die standardmäßigen Testeinstellungen für einen lokalen Testlauf.</Description>
    <Deployment enabled="false" runDeploymentRoot="felixlindemann_FELIXLINDEM239D 2015-02-27 16_27_36">
      <DeploymentItem filename="Y:\git\github\RepertoryGrid\RepertoryGrid\packages\DynamicInterop.0.7.4\lib\net40\DynamicInterop.dll" />
      <DeploymentItem filename="Y:\git\github\RepertoryGrid\RepertoryGrid\packages\R.NET.Community.1.5.21\lib\net40\RDotNet.NativeLibrary.dll" />
      <DeploymentItem filename="Y:\git\github\RepertoryGrid\RepertoryGrid\packages\R.NET.Community.1.5.21\lib\net40\RDotNet.dll" />
      <DeploymentItem filename="Y:\git\github\RepertoryGrid\RepertoryGrid\RepertoryGrid\bin\Debug\RepertoryGrid.exe" />
    </Deployment>
    <Execution>
      <TestTypeSpecific />
      <AgentRule name="Execution Agents">
      </AgentRule>
    </Execution>
  </TestSettings>
  <Times creation="2015-02-27T16:27:36.3216000+01:00" queuing="2015-02-27T16:27:37.6944000+01:00" start="2015-02-27T16:27:37.7880000+01:00" finish="2015-02-27T16:29:55.3520000+01:00" />
  <ResultSummary outcome="Error">
    <Counters total="1" executed="1" error="0" failed="0" timeout="0" aborted="1" inconclusive="0" passedButRunAborted="0" notRunnable="0" notExecuted="0" disconnected="0" warning="0" passed="0" completed="0" inProgress="0" pending="0" />
    <RunInfos>
      <RunInfo computerName="FELIXLINDEM239D" outcome="Error" timestamp="2015-02-27T16:29:55.3520000+01:00">
        <Text>Der Testhostprozess wurde unerwartet beendet.</Text>
      </RunInfo>
    </RunInfos>
  </ResultSummary>
  <TestDefinitions>
    <UnitTest name="TestOpenDemoFromR" storage="y:\git\github\repertorygrid\repertorygrid\testprojectrepertorygrid\bin\debug\testprojectrepertorygrid.dll" id="83f15685-de4d-d5a2-2ea1-39b5b0e31bc3">
      <Execution id="875fc5ad-7900-4710-8d8a-185709adb7d8" />
      <TestMethod codeBase="Y:/git/github/RepertoryGrid/RepertoryGrid/TestProjectRepertoryGrid/bin/Debug/TestProjectRepertoryGrid.DLL" adapterTypeName="Microsoft.VisualStudio.TestTools.TestTypes.Unit.UnitTestAdapter, Microsoft.VisualStudio.QualityTools.Tips.UnitTest.Adapter, Version=10.0.0.0, Culture=neutral, PublicKeyToken=b03f5f7f11d50a3a" className="TestProjectRepertoryGrid.UnitTestConstructingProject, TestProjectRepertoryGrid, Version=1.0.0.0, Culture=neutral, PublicKeyToken=null" name="TestOpenDemoFromR" />
    </UnitTest>
  </TestDefinitions>
  <TestLists>
    <TestList name="Nicht in einer Liste enthaltene Ergebnisse" id="8c84fa94-04c1-424b-9868-57a2d4851a1d" />
    <TestList name="Alle geladenen Ergebnisse" id="19431567-8539-422a-85d7-44ee4e166bda" />
  </TestLists>
  <TestEntries>
    <TestEntry testId="83f15685-de4d-d5a2-2ea1-39b5b0e31bc3" executionId="875fc5ad-7900-4710-8d8a-185709adb7d8" testListId="8c84fa94-04c1-424b-9868-57a2d4851a1d" />
  </TestEntries>
  <Results>
    <UnitTestResult executionId="875fc5ad-7900-4710-8d8a-185709adb7d8" testId="83f15685-de4d-d5a2-2ea1-39b5b0e31bc3" testName="TestOpenDemoFromR" computerName="FELIXLINDEM239D" duration="00:02:17.4860000" startTime="2015-02-27T16:27:37.8660000+01:00" endTime="2015-02-27T16:29:55.3520000+01:00" testType="13cdc9d9-ddb5-4fa4-a97d-d965ccfc6d4b" outcome="Aborted" testListId="8c84fa94-04c1-424b-9868-57a2d4851a1d" relativeResultsDirectory="875fc5ad-7900-4710-8d8a-185709adb7d8">
    </UnitTestResult>
  </Results>
</TestRun>