<?xml version="1.0" encoding="UTF-8"?>
<TestRun id="3a1677f2-4367-4a92-a3ff-0c9ba10ee0cb" name="felixlindemann@FELIXLINDEM239D 2015-02-25 16:16:11" runUser="FELIXLINDEM239D\felixlindemann" xmlns="http://microsoft.com/schemas/VisualStudio/TeamTest/2010">
  <TestSettings name="Lokal" id="c55aef44-e59c-4ee6-aee7-2ad998123b15">
    <Description>Dies sind die standardmäßigen Testeinstellungen für einen lokalen Testlauf.</Description>
    <Deployment userDeploymentRoot="Y:\git\github\RepertoryGrid\RepertoryGrid\TestResults" useDefaultDeploymentRoot="false" enabled="false" runDeploymentRoot="felixlindemann_FELIXLINDEM239D 2015-02-25 16_16_11">
      <DeploymentItem filename="Y:\git\github\RepertoryGrid\RepertoryGrid\RepertoryGrid\bin\Debug\RepertoryGrid.exe" />
    </Deployment>
    <Execution>
      <TestTypeSpecific />
      <AgentRule name="Execution Agents">
      </AgentRule>
    </Execution>
  </TestSettings>
  <Times creation="2015-02-25T16:16:11.8920000+01:00" queuing="2015-02-25T16:16:12.7032000+01:00" start="2015-02-25T16:16:12.7500000+01:00" finish="2015-02-25T16:18:16.3124000+01:00" />
  <ResultSummary outcome="Error">
    <Counters total="1" executed="1" error="0" failed="0" timeout="0" aborted="1" inconclusive="0" passedButRunAborted="0" notRunnable="0" notExecuted="0" disconnected="0" warning="0" passed="0" completed="0" inProgress="0" pending="0" />
    <RunInfos>
      <RunInfo computerName="FELIXLINDEM239D" outcome="Error" timestamp="2015-02-25T16:18:16.3124000+01:00">
        <Text>Der Testhostprozess wurde unerwartet beendet.</Text>
      </RunInfo>
    </RunInfos>
  </ResultSummary>
  <TestDefinitions>
    <UnitTest name="TestMethodConstruct" storage="y:\git\github\repertorygrid\repertorygrid\testprojectrepertorygrid\bin\debug\testprojectrepertorygrid.dll" id="573d3c3a-0183-6978-3ad3-4a370aaef2b5">
      <Execution id="9310a79e-aa19-45eb-aeb9-42bab24f2359" />
      <TestMethod codeBase="Y:/git/github/RepertoryGrid/RepertoryGrid/TestProjectRepertoryGrid/bin/Debug/TestProjectRepertoryGrid.DLL" adapterTypeName="Microsoft.VisualStudio.TestTools.TestTypes.Unit.UnitTestAdapter, Microsoft.VisualStudio.QualityTools.Tips.UnitTest.Adapter, Version=10.0.0.0, Culture=neutral, PublicKeyToken=b03f5f7f11d50a3a" className="TestProjectRepertoryGrid.UnitTestConstructingProject, TestProjectRepertoryGrid, Version=1.0.0.0, Culture=neutral, PublicKeyToken=null" name="TestMethodConstruct" />
    </UnitTest>
  </TestDefinitions>
  <TestLists>
    <TestList name="Nicht in einer Liste enthaltene Ergebnisse" id="8c84fa94-04c1-424b-9868-57a2d4851a1d" />
    <TestList name="Alle geladenen Ergebnisse" id="19431567-8539-422a-85d7-44ee4e166bda" />
  </TestLists>
  <TestEntries>
    <TestEntry testId="573d3c3a-0183-6978-3ad3-4a370aaef2b5" executionId="9310a79e-aa19-45eb-aeb9-42bab24f2359" testListId="8c84fa94-04c1-424b-9868-57a2d4851a1d" />
  </TestEntries>
  <Results>
    <UnitTestResult executionId="9310a79e-aa19-45eb-aeb9-42bab24f2359" testId="573d3c3a-0183-6978-3ad3-4a370aaef2b5" testName="TestMethodConstruct" computerName="FELIXLINDEM239D" duration="00:02:03.5468000" startTime="2015-02-25T16:16:12.7656000+01:00" endTime="2015-02-25T16:18:16.3124000+01:00" testType="13cdc9d9-ddb5-4fa4-a97d-d965ccfc6d4b" outcome="Aborted" testListId="8c84fa94-04c1-424b-9868-57a2d4851a1d" relativeResultsDirectory="9310a79e-aa19-45eb-aeb9-42bab24f2359">
    </UnitTestResult>
  </Results>
</TestRun>